# JRE version: OpenJDK Runtime Environment (8.0_152-b01) (build 1.8.0_152-release-915-b01)
# Java VM: OpenJDK 64-Bit Server VM (25.152-b01 mixed mode linux-amd64 compressed oops)
Heap:
 PSYoungGen      total 217088K, used 30712K [0x00000000e0000000, 0x00000000f1080000, 0x0000000100000000)
  eden space 186368K, 0% used [0x00000000e0000000,0x00000000e0000000,0x00000000eb600000)
  from space 30720K, 99% used [0x00000000ef280000,0x00000000f107e078,0x00000000f1080000)
  to   space 28160K, 0% used [0x00000000eb600000,0x00000000eb600000,0x00000000ed180000)
 ParOldGen       total 145408K, used 52591K [0x00000000a0000000, 0x00000000a8e00000, 0x00000000e0000000)
  object space 145408K, 36% used [0x00000000a0000000,0x00000000a335bf68,0x00000000a8e00000)
 Metaspace       used 84411K, capacity 88940K, committed 89048K, reserved 1126400K
  class space    used 10738K, capacity 11764K, committed 11776K, reserved 1048576K
GC Heap History (10 events):
Event: 89.269 GC heap after
Heap after GC invocations=20 (full 3):
 PSYoungGen      total 206848K, used 12901K [0x00000000e0000000, 0x00000000ef100000, 0x0000000100000000)
  eden space 181760K, 0% used [0x00000000e0000000,0x00000000e0000000,0x00000000eb180000)
  from space 25088K, 51% used [0x00000000eb180000,0x00000000ebe19678,0x00000000eca00000)
  to   space 24064K, 0% used [0x00000000ed980000,0x00000000ed980000,0x00000000ef100000)
 ParOldGen       total 145408K, used 48567K [0x00000000a0000000, 0x00000000a8e00000, 0x00000000e0000000)
  object space 145408K, 33% used [0x00000000a0000000,0x00000000a2f6ddc8,0x00000000a8e00000)
 Metaspace       used 72765K, capacity 76150K, committed 76248K, reserved 1116160K
  class space    used 9433K, capacity 10237K, committed 10240K, reserved 1048576K
}
Event: 885.675 GC heap before
{Heap before GC invocations=21 (full 3):
 PSYoungGen      total 206848K, used 194661K [0x00000000e0000000, 0x00000000ef100000, 0x0000000100000000)
  eden space 181760K, 100% used [0x00000000e0000000,0x00000000eb180000,0x00000000eb180000)
  from space 25088K, 51% used [0x00000000eb180000,0x00000000ebe19678,0x00000000eca00000)
  to   space 24064K, 0% used [0x00000000ed980000,0x00000000ed980000,0x00000000ef100000)
 ParOldGen       total 145408K, used 48567K [0x00000000a0000000, 0x00000000a8e00000, 0x00000000e0000000)
  object space 145408K, 33% used [0x00000000a0000000,0x00000000a2f6ddc8,0x00000000a8e00000)
 Metaspace       used 73868K, capacity 77770K, committed 78040K, reserved 1116160K
  class space    used 9526K, capacity 10417K, committed 10496K, reserved 1048576K
Event: 885.699 GC heap after
Heap after GC invocations=21 (full 3):
 PSYoungGen      total 187392K, used 11552K [0x00000000e0000000, 0x00000000ee500000, 0x0000000100000000)
  eden space 175616K, 0% used [0x00000000e0000000,0x00000000e0000000,0x00000000eab80000)
  from space 11776K, 98% used [0x00000000ed980000,0x00000000ee4c8290,0x00000000ee500000)
  to   space 23040K, 0% used [0x00000000eb800000,0x00000000eb800000,0x00000000ece80000)
 ParOldGen       total 145408K, used 48575K [0x00000000a0000000, 0x00000000a8e00000, 0x00000000e0000000)
  object space 145408K, 33% used [0x00000000a0000000,0x00000000a2f6fdc8,0x00000000a8e00000)
 Metaspace       used 73868K, capacity 77770K, committed 78040K, reserved 1116160K
  class space    used 9526K, capacity 10417K, committed 10496K, reserved 1048576K
}
Event: 888.153 GC heap before
{Heap before GC invocations=22 (full 3):
 PSYoungGen      total 187392K, used 187168K [0x00000000e0000000, 0x00000000ee500000, 0x0000000100000000)
  eden space 175616K, 100% used [0x00000000e0000000,0x00000000eab80000,0x00000000eab80000)
  from space 11776K, 98% used [0x00000000ed980000,0x00000000ee4c8290,0x00000000ee500000)
  to   space 23040K, 0% used [0x00000000eb800000,0x00000000eb800000,0x00000000ece80000)
 ParOldGen       total 145408K, used 48575K [0x00000000a0000000, 0x00000000a8e00000, 0x00000000e0000000)
  object space 145408K, 33% used [0x00000000a0000000,0x00000000a2f6fdc8,0x00000000a8e00000)
 Metaspace       used 79323K, capacity 83320K, committed 83544K, reserved 1122304K
  class space    used 10166K, capacity 11086K, committed 11136K, reserved 1048576K
Event: 888.185 GC heap after
Heap after GC invocations=22 (full 3):
 PSYoungGen      total 211456K, used 18968K [0x00000000e0000000, 0x00000000ee980000, 0x0000000100000000)
  eden space 188416K, 0% used [0x00000000e0000000,0x00000000e0000000,0x00000000eb800000)
  from space 23040K, 82% used [0x00000000eb800000,0x00000000eca862c8,0x00000000ece80000)
  to   space 24576K, 0% used [0x00000000ed180000,0x00000000ed180000,0x00000000ee980000)
 ParOldGen       total 145408K, used 48591K [0x00000000a0000000, 0x00000000a8e00000, 0x00000000e0000000)
  object space 145408K, 33% used [0x00000000a0000000,0x00000000a2f73dc8,0x00000000a8e00000)
 Metaspace       used 79323K, capacity 83320K, committed 83544K, reserved 1122304K
  class space    used 10166K, capacity 11086K, committed 11136K, reserved 1048576K
}
Event: 889.166 GC heap before
{Heap before GC invocations=23 (full 3):
 PSYoungGen      total 211456K, used 206665K [0x00000000e0000000, 0x00000000ee980000, 0x0000000100000000)
  eden space 188416K, 99% used [0x00000000e0000000,0x00000000eb74c4d0,0x00000000eb800000)
  from space 23040K, 82% used [0x00000000eb800000,0x00000000eca862c8,0x00000000ece80000)
  to   space 24576K, 0% used [0x00000000ed180000,0x00000000ed180000,0x00000000ee980000)
 ParOldGen       total 145408K, used 48591K [0x00000000a0000000, 0x00000000a8e00000, 0x00000000e0000000)
  object space 145408K, 33% used [0x00000000a0000000,0x00000000a2f73dc8,0x00000000a8e00000)
 Metaspace       used 80520K, capacity 84724K, committed 84824K, reserved 1122304K
  class space    used 10327K, capacity 11350K, committed 11392K, reserved 1048576K
Event: 889.220 GC heap after
Heap after GC invocations=23 (full 3):
 PSYoungGen      total 210944K, used 24564K [0x00000000e0000000, 0x00000000f0880000, 0x0000000100000000)
  eden space 186368K, 0% used [0x00000000e0000000,0x00000000e0000000,0x00000000eb600000)
  from space 24576K, 99% used [0x00000000ed180000,0x00000000ee97d010,0x00000000ee980000)
  to   space 28160K, 0% used [0x00000000eb600000,0x00000000eb600000,0x00000000ed180000)
 ParOldGen       total 145408K, used 49659K [0x00000000a0000000, 0x00000000a8e00000, 0x00000000e0000000)
  object space 145408K, 34% used [0x00000000a0000000,0x00000000a307ec20,0x00000000a8e00000)
 Metaspace       used 80520K, capacity 84724K, committed 84824K, reserved 1122304K
  class space    used 10327K, capacity 11350K, committed 11392K, reserved 1048576K
}
Event: 889.645 GC heap before
{Heap before GC invocations=24 (full 3):
 PSYoungGen      total 210944K, used 210932K [0x00000000e0000000, 0x00000000f0880000, 0x0000000100000000)
  eden space 186368K, 100% used [0x00000000e0000000,0x00000000eb600000,0x00000000eb600000)
  from space 24576K, 99% used [0x00000000ed180000,0x00000000ee97d010,0x00000000ee980000)
  to   space 28160K, 0% used [0x00000000eb600000,0x00000000eb600000,0x00000000ed180000)
 ParOldGen       total 145408K, used 49659K [0x00000000a0000000, 0x00000000a8e00000, 0x00000000e0000000)
  object space 145408K, 34% used [0x00000000a0000000,0x00000000a307ec20,0x00000000a8e00000)
 Metaspace       used 81041K, capacity 85506K, committed 85720K, reserved 1124352K
  class space    used 10412K, capacity 11433K, committed 11520K, reserved 1048576K
Event: 889.668 GC heap after
Heap after GC invocations=24 (full 3):
 PSYoungGen      total 214528K, used 24917K [0x00000000e0000000, 0x00000000f1080000, 0x0000000100000000)
  eden space 186368K, 0% used [0x00000000e0000000,0x00000000e0000000,0x00000000eb600000)
  from space 28160K, 88% used [0x00000000eb600000,0x00000000ece55628,0x00000000ed180000)
  to   space 30720K, 0% used [0x00000000ef280000,0x00000000ef280000,0x00000000f1080000)
 ParOldGen       total 145408K, used 49667K [0x00000000a0000000, 0x00000000a8e00000, 0x00000000e0000000)
  object space 145408K, 34% used [0x00000000a0000000,0x00000000a3080c20,0x00000000a8e00000)
 Metaspace       used 81041K, capacity 85506K, committed 85720K, reserved 1124352K
  class space    used 10412K, capacity 11433K, committed 11520K, reserved 1048576K
}
Event: 891.559 GC heap before
{Heap before GC invocations=25 (full 3):
 PSYoungGen      total 214528K, used 211285K [0x00000000e0000000, 0x00000000f1080000, 0x0000000100000000)
  eden space 186368K, 100% used [0x00000000e0000000,0x00000000eb600000,0x00000000eb600000)
  from space 28160K, 88% used [0x00000000eb600000,0x00000000ece55628,0x00000000ed180000)
  to   space 30720K, 0% used [0x00000000ef280000,0x00000000ef280000,0x00000000f1080000)
 ParOldGen       total 145408K, used 49667K [0x00000000a0000000, 0x00000000a8e00000, 0x00000000e0000000)
  object space 145408K, 34% used [0x00000000a0000000,0x00000000a3080c20,0x00000000a8e00000)
 Metaspace       used 84411K, capacity 88940K, committed 89048K, reserved 1126400K
  class space    used 10738K, capacity 11764K, committed 11776K, reserved 1048576K

